[0.196s] DEBUG:colcon:Command line arguments: ['/usr/bin/colcon', 'list', '-p', '--base-paths', '/home/zoellickhan/Code/2024CV/testSerialDriver/twoNodeTest']
[0.196s] DEBUG:colcon:Parsed command line arguments: Namespace(log_base=None, log_level=None, verb_name='list', build_base='build', ignore_user_meta=False, metas=['./colcon.meta'], base_paths=['/home/zoellickhan/Code/2024CV/testSerialDriver/twoNodeTest'], packages_ignore=None, packages_ignore_regex=None, paths=None, packages_up_to=None, packages_up_to_regex=None, packages_above=None, packages_above_and_dependencies=None, packages_above_depth=None, packages_select_by_dep=None, packages_skip_by_dep=None, packages_skip_up_to=None, packages_select_build_failed=False, packages_skip_build_finished=False, packages_select_test_failures=False, packages_skip_test_passed=False, packages_select=None, packages_skip=None, packages_select_regex=None, packages_skip_regex=None, packages_start=None, packages_end=None, allow_overriding=[], topological_order=False, names_only=False, paths_only=True, topological_graph=False, topological_graph_dot=False, topological_graph_density=False, topological_graph_legend=False, topological_graph_dot_cluster=False, topological_graph_dot_include_skipped=False, mixin_files=None, mixin=None, verb_parser=<colcon_mixin.mixin.mixin_argument.MixinArgumentDecorator object at 0x78e5c923fa00>, verb_extension=<colcon_package_information.verb.list.ListVerb object at 0x78e5c934f5e0>, main=<bound method ListVerb.main of <colcon_package_information.verb.list.ListVerb object at 0x78e5c934f5e0>>, mixin_verb=('list',))
[0.487s] Level 1:colcon.colcon_core.package_discovery:discover_packages(colcon_meta) check parameters
[0.487s] Level 1:colcon.colcon_core.package_discovery:discover_packages(recursive) check parameters
[0.487s] Level 1:colcon.colcon_core.package_discovery:discover_packages(ignore) check parameters
[0.487s] Level 1:colcon.colcon_core.package_discovery:discover_packages(path) check parameters
[0.487s] Level 1:colcon.colcon_core.package_discovery:discover_packages(recursive) discover
[0.487s] INFO:colcon.colcon_core.package_discovery:Crawling recursively for packages in '/home/zoellickhan/Code/2024CV/testSerialDriver/twoNodeTest'
[0.487s] Level 1:colcon.colcon_core.package_identification:_identify(/home/zoellickhan/Code/2024CV/testSerialDriver/twoNodeTest) by extensions ['ignore', 'ignore_ament_install']
[0.488s] Level 1:colcon.colcon_core.package_identification:_identify(/home/zoellickhan/Code/2024CV/testSerialDriver/twoNodeTest) by extension 'ignore'
[0.488s] Level 1:colcon.colcon_core.package_identification:_identify(/home/zoellickhan/Code/2024CV/testSerialDriver/twoNodeTest) by extension 'ignore_ament_install'
[0.488s] Level 1:colcon.colcon_core.package_identification:_identify(/home/zoellickhan/Code/2024CV/testSerialDriver/twoNodeTest) by extensions ['colcon_pkg']
[0.488s] Level 1:colcon.colcon_core.package_identification:_identify(/home/zoellickhan/Code/2024CV/testSerialDriver/twoNodeTest) by extension 'colcon_pkg'
[0.488s] Level 1:colcon.colcon_core.package_identification:_identify(/home/zoellickhan/Code/2024CV/testSerialDriver/twoNodeTest) by extensions ['colcon_meta']
[0.488s] Level 1:colcon.colcon_core.package_identification:_identify(/home/zoellickhan/Code/2024CV/testSerialDriver/twoNodeTest) by extension 'colcon_meta'
[0.488s] Level 1:colcon.colcon_core.package_identification:_identify(/home/zoellickhan/Code/2024CV/testSerialDriver/twoNodeTest) by extensions ['ros']
[0.488s] Level 1:colcon.colcon_core.package_identification:_identify(/home/zoellickhan/Code/2024CV/testSerialDriver/twoNodeTest) by extension 'ros'
[0.509s] Level 1:colcon.colcon_core.package_identification:_identify(/home/zoellickhan/Code/2024CV/testSerialDriver/twoNodeTest) by extensions ['cmake', 'python']
[0.509s] Level 1:colcon.colcon_core.package_identification:_identify(/home/zoellickhan/Code/2024CV/testSerialDriver/twoNodeTest) by extension 'cmake'
[0.510s] Level 1:colcon.colcon_core.package_identification:_identify(/home/zoellickhan/Code/2024CV/testSerialDriver/twoNodeTest) by extension 'python'
[0.510s] Level 1:colcon.colcon_core.package_identification:_identify(/home/zoellickhan/Code/2024CV/testSerialDriver/twoNodeTest) by extensions ['python_setup_py']
[0.510s] Level 1:colcon.colcon_core.package_identification:_identify(/home/zoellickhan/Code/2024CV/testSerialDriver/twoNodeTest) by extension 'python_setup_py'
[0.510s] Level 1:colcon.colcon_core.package_identification:_identify(/home/zoellickhan/Code/2024CV/testSerialDriver/twoNodeTest/log) by extensions ['ignore', 'ignore_ament_install']
[0.510s] Level 1:colcon.colcon_core.package_identification:_identify(/home/zoellickhan/Code/2024CV/testSerialDriver/twoNodeTest/log) by extension 'ignore'
[0.510s] Level 1:colcon.colcon_core.package_identification:_identify(/home/zoellickhan/Code/2024CV/testSerialDriver/twoNodeTest/log) ignored
[0.510s] Level 1:colcon.colcon_core.package_identification:_identify(/home/zoellickhan/Code/2024CV/testSerialDriver/twoNodeTest/src) by extensions ['ignore', 'ignore_ament_install']
[0.511s] Level 1:colcon.colcon_core.package_identification:_identify(/home/zoellickhan/Code/2024CV/testSerialDriver/twoNodeTest/src) by extension 'ignore'
[0.511s] Level 1:colcon.colcon_core.package_identification:_identify(/home/zoellickhan/Code/2024CV/testSerialDriver/twoNodeTest/src) by extension 'ignore_ament_install'
[0.511s] Level 1:colcon.colcon_core.package_identification:_identify(/home/zoellickhan/Code/2024CV/testSerialDriver/twoNodeTest/src) by extensions ['colcon_pkg']
[0.511s] Level 1:colcon.colcon_core.package_identification:_identify(/home/zoellickhan/Code/2024CV/testSerialDriver/twoNodeTest/src) by extension 'colcon_pkg'
[0.511s] Level 1:colcon.colcon_core.package_identification:_identify(/home/zoellickhan/Code/2024CV/testSerialDriver/twoNodeTest/src) by extensions ['colcon_meta']
[0.511s] Level 1:colcon.colcon_core.package_identification:_identify(/home/zoellickhan/Code/2024CV/testSerialDriver/twoNodeTest/src) by extension 'colcon_meta'
[0.511s] Level 1:colcon.colcon_core.package_identification:_identify(/home/zoellickhan/Code/2024CV/testSerialDriver/twoNodeTest/src) by extensions ['ros']
[0.511s] Level 1:colcon.colcon_core.package_identification:_identify(/home/zoellickhan/Code/2024CV/testSerialDriver/twoNodeTest/src) by extension 'ros'
[0.511s] Level 1:colcon.colcon_core.package_identification:_identify(/home/zoellickhan/Code/2024CV/testSerialDriver/twoNodeTest/src) by extensions ['cmake', 'python']
[0.511s] Level 1:colcon.colcon_core.package_identification:_identify(/home/zoellickhan/Code/2024CV/testSerialDriver/twoNodeTest/src) by extension 'cmake'
[0.511s] Level 1:colcon.colcon_core.package_identification:_identify(/home/zoellickhan/Code/2024CV/testSerialDriver/twoNodeTest/src) by extension 'python'
[0.511s] Level 1:colcon.colcon_core.package_identification:_identify(/home/zoellickhan/Code/2024CV/testSerialDriver/twoNodeTest/src) by extensions ['python_setup_py']
[0.512s] Level 1:colcon.colcon_core.package_identification:_identify(/home/zoellickhan/Code/2024CV/testSerialDriver/twoNodeTest/src) by extension 'python_setup_py'
[0.512s] Level 1:colcon.colcon_core.package_identification:_identify(/home/zoellickhan/Code/2024CV/testSerialDriver/twoNodeTest/src/serial_driver) by extensions ['ignore', 'ignore_ament_install']
[0.512s] Level 1:colcon.colcon_core.package_identification:_identify(/home/zoellickhan/Code/2024CV/testSerialDriver/twoNodeTest/src/serial_driver) by extension 'ignore'
[0.512s] Level 1:colcon.colcon_core.package_identification:_identify(/home/zoellickhan/Code/2024CV/testSerialDriver/twoNodeTest/src/serial_driver) by extension 'ignore_ament_install'
[0.512s] Level 1:colcon.colcon_core.package_identification:_identify(/home/zoellickhan/Code/2024CV/testSerialDriver/twoNodeTest/src/serial_driver) by extensions ['colcon_pkg']
[0.512s] Level 1:colcon.colcon_core.package_identification:_identify(/home/zoellickhan/Code/2024CV/testSerialDriver/twoNodeTest/src/serial_driver) by extension 'colcon_pkg'
[0.512s] Level 1:colcon.colcon_core.package_identification:_identify(/home/zoellickhan/Code/2024CV/testSerialDriver/twoNodeTest/src/serial_driver) by extensions ['colcon_meta']
[0.512s] Level 1:colcon.colcon_core.package_identification:_identify(/home/zoellickhan/Code/2024CV/testSerialDriver/twoNodeTest/src/serial_driver) by extension 'colcon_meta'
[0.512s] Level 1:colcon.colcon_core.package_identification:_identify(/home/zoellickhan/Code/2024CV/testSerialDriver/twoNodeTest/src/serial_driver) by extensions ['ros']
[0.512s] Level 1:colcon.colcon_core.package_identification:_identify(/home/zoellickhan/Code/2024CV/testSerialDriver/twoNodeTest/src/serial_driver) by extension 'ros'
[0.516s] DEBUG:colcon.colcon_core.package_identification:Package '/home/zoellickhan/Code/2024CV/testSerialDriver/twoNodeTest/src/serial_driver' with type 'ros.ament_cmake' and name 'serial_driver'
[0.516s] Level 1:colcon.colcon_core.package_discovery:discover_packages(recursive) using defaults
