[0.006s] Invoking command in '/home/zoellickhan/Code/2024CV/testSerialDriver/twoNodeTest/src/build/serial_driver': CMAKE_PREFIX_PATH=/opt/ros/humble /usr/bin/cmake /home/zoellickhan/Code/2024CV/testSerialDriver/twoNodeTest/src/serial_driver -DCMAKE_INSTALL_PREFIX=/home/zoellickhan/Code/2024CV/testSerialDriver/twoNodeTest/src/install/serial_driver
[0.106s] -- The C compiler identification is GNU 11.4.0
[0.170s] -- The CXX compiler identification is GNU 11.4.0
[0.180s] -- Detecting C compiler ABI info
[0.275s] -- Detecting C compiler ABI info - done
[0.290s] -- Check for working C compiler: /usr/bin/cc - skipped
[0.290s] -- Detecting C compile features
[0.291s] -- Detecting C compile features - done
[0.295s] -- Detecting CXX compiler ABI info
[0.383s] -- Detecting CXX compiler ABI info - done
[0.391s] -- Check for working CXX compiler: /usr/bin/c++ - skipped
[0.392s] -- Detecting CXX compile features
[0.393s] -- Detecting CXX compile features - done
[0.395s] -- Found ament_cmake: 1.3.9 (/opt/ros/humble/share/ament_cmake/cmake)
[0.585s] -- Found Python3: /usr/bin/python3 (found version "3.10.12") found components: Interpreter 
[0.721s] -- Found ament_lint_auto: 0.12.11 (/opt/ros/humble/share/ament_lint_auto/cmake)
[0.829s] -- Added test 'cppcheck' to perform static code analysis on C / C++ code
[0.829s] -- Configured cppcheck include dirs: 
[0.829s] -- Configured cppcheck exclude dirs and/or files: 
[0.830s] -- Added test 'lint_cmake' to check CMake code style
[0.832s] -- Added test 'uncrustify' to check C / C++ code style
[0.832s] -- Configured uncrustify additional arguments: 
[0.832s] -- Added test 'xmllint' to check XML markup files
[0.834s] -- Configuring done
[0.837s] -- Generating done
[0.838s] -- Build files have been written to: /home/zoellickhan/Code/2024CV/testSerialDriver/twoNodeTest/src/build/serial_driver
[0.845s] Invoked command in '/home/zoellickhan/Code/2024CV/testSerialDriver/twoNodeTest/src/build/serial_driver' returned '0': CMAKE_PREFIX_PATH=/opt/ros/humble /usr/bin/cmake /home/zoellickhan/Code/2024CV/testSerialDriver/twoNodeTest/src/serial_driver -DCMAKE_INSTALL_PREFIX=/home/zoellickhan/Code/2024CV/testSerialDriver/twoNodeTest/src/install/serial_driver
[0.848s] Invoking command in '/home/zoellickhan/Code/2024CV/testSerialDriver/twoNodeTest/src/build/serial_driver': CMAKE_PREFIX_PATH=/opt/ros/humble /usr/bin/cmake --build /home/zoellickhan/Code/2024CV/testSerialDriver/twoNodeTest/src/build/serial_driver -- -j20 -l20
[0.910s] Invoked command in '/home/zoellickhan/Code/2024CV/testSerialDriver/twoNodeTest/src/build/serial_driver' returned '0': CMAKE_PREFIX_PATH=/opt/ros/humble /usr/bin/cmake --build /home/zoellickhan/Code/2024CV/testSerialDriver/twoNodeTest/src/build/serial_driver -- -j20 -l20
[0.955s] Invoking command in '/home/zoellickhan/Code/2024CV/testSerialDriver/twoNodeTest/src/build/serial_driver': CMAKE_PREFIX_PATH=/opt/ros/humble /usr/bin/cmake --install /home/zoellickhan/Code/2024CV/testSerialDriver/twoNodeTest/src/build/serial_driver
[0.964s] -- Install configuration: ""
[0.964s] -- Installing: /home/zoellickhan/Code/2024CV/testSerialDriver/twoNodeTest/src/install/serial_driver/share/ament_index/resource_index/package_run_dependencies/serial_driver
[0.965s] -- Installing: /home/zoellickhan/Code/2024CV/testSerialDriver/twoNodeTest/src/install/serial_driver/share/ament_index/resource_index/parent_prefix_path/serial_driver
[0.965s] -- Installing: /home/zoellickhan/Code/2024CV/testSerialDriver/twoNodeTest/src/install/serial_driver/share/serial_driver/environment/ament_prefix_path.sh
[0.966s] -- Installing: /home/zoellickhan/Code/2024CV/testSerialDriver/twoNodeTest/src/install/serial_driver/share/serial_driver/environment/ament_prefix_path.dsv
[0.966s] -- Installing: /home/zoellickhan/Code/2024CV/testSerialDriver/twoNodeTest/src/install/serial_driver/share/serial_driver/environment/path.sh
[0.966s] -- Installing: /home/zoellickhan/Code/2024CV/testSerialDriver/twoNodeTest/src/install/serial_driver/share/serial_driver/environment/path.dsv
[0.966s] -- Installing: /home/zoellickhan/Code/2024CV/testSerialDriver/twoNodeTest/src/install/serial_driver/share/serial_driver/local_setup.bash
[0.966s] -- Installing: /home/zoellickhan/Code/2024CV/testSerialDriver/twoNodeTest/src/install/serial_driver/share/serial_driver/local_setup.sh
[0.966s] -- Installing: /home/zoellickhan/Code/2024CV/testSerialDriver/twoNodeTest/src/install/serial_driver/share/serial_driver/local_setup.zsh
[0.967s] -- Installing: /home/zoellickhan/Code/2024CV/testSerialDriver/twoNodeTest/src/install/serial_driver/share/serial_driver/local_setup.dsv
[0.967s] -- Installing: /home/zoellickhan/Code/2024CV/testSerialDriver/twoNodeTest/src/install/serial_driver/share/serial_driver/package.dsv
[0.967s] -- Installing: /home/zoellickhan/Code/2024CV/testSerialDriver/twoNodeTest/src/install/serial_driver/share/ament_index/resource_index/packages/serial_driver
[0.967s] -- Installing: /home/zoellickhan/Code/2024CV/testSerialDriver/twoNodeTest/src/install/serial_driver/share/serial_driver/cmake/serial_driverConfig.cmake
[0.967s] -- Installing: /home/zoellickhan/Code/2024CV/testSerialDriver/twoNodeTest/src/install/serial_driver/share/serial_driver/cmake/serial_driverConfig-version.cmake
[0.967s] -- Installing: /home/zoellickhan/Code/2024CV/testSerialDriver/twoNodeTest/src/install/serial_driver/share/serial_driver/package.xml
[0.969s] Invoked command in '/home/zoellickhan/Code/2024CV/testSerialDriver/twoNodeTest/src/build/serial_driver' returned '0': CMAKE_PREFIX_PATH=/opt/ros/humble /usr/bin/cmake --install /home/zoellickhan/Code/2024CV/testSerialDriver/twoNodeTest/src/build/serial_driver
