-- The C compiler identification is GNU 11.4.0
-- The CXX compiler identification is GNU 11.4.0
-- Detecting C compiler ABI info
-- Detecting C compiler ABI info - done
-- Check for working C compiler: /usr/bin/cc - skipped
-- Detecting C compile features
-- Detecting C compile features - done
-- Detecting CXX compiler ABI info
-- Detecting CXX compiler ABI info - done
-- Check for working CXX compiler: /usr/bin/c++ - skipped
-- Detecting CXX compile features
-- Detecting CXX compile features - done
-- Found ament_cmake: 1.3.9 (/opt/ros/humble/share/ament_cmake/cmake)
-- Found Python3: /usr/bin/python3 (found version "3.10.12") found components: Interpreter 
-- Found ament_lint_auto: 0.12.11 (/opt/ros/humble/share/ament_lint_auto/cmake)
-- Added test 'cppcheck' to perform static code analysis on C / C++ code
-- Configured cppcheck include dirs: 
-- Configured cppcheck exclude dirs and/or files: 
-- Added test 'lint_cmake' to check CMake code style
-- Added test 'uncrustify' to check C / C++ code style
-- Configured uncrustify additional arguments: 
-- Added test 'xmllint' to check XML markup files
-- Configuring done
-- Generating done
-- Build files have been written to: /home/zoellickhan/Code/2024CV/testSerialDriver/twoNodeTest/build/serial_driver
-- Install configuration: ""
-- Installing: /home/zoellickhan/Code/2024CV/testSerialDriver/twoNodeTest/install/serial_driver/share/ament_index/resource_index/package_run_dependencies/serial_driver
-- Installing: /home/zoellickhan/Code/2024CV/testSerialDriver/twoNodeTest/install/serial_driver/share/ament_index/resource_index/parent_prefix_path/serial_driver
-- Installing: /home/zoellickhan/Code/2024CV/testSerialDriver/twoNodeTest/install/serial_driver/share/serial_driver/environment/ament_prefix_path.sh
-- Installing: /home/zoellickhan/Code/2024CV/testSerialDriver/twoNodeTest/install/serial_driver/share/serial_driver/environment/ament_prefix_path.dsv
-- Installing: /home/zoellickhan/Code/2024CV/testSerialDriver/twoNodeTest/install/serial_driver/share/serial_driver/environment/path.sh
-- Installing: /home/zoellickhan/Code/2024CV/testSerialDriver/twoNodeTest/install/serial_driver/share/serial_driver/environment/path.dsv
-- Installing: /home/zoellickhan/Code/2024CV/testSerialDriver/twoNodeTest/install/serial_driver/share/serial_driver/local_setup.bash
-- Installing: /home/zoellickhan/Code/2024CV/testSerialDriver/twoNodeTest/install/serial_driver/share/serial_driver/local_setup.sh
-- Installing: /home/zoellickhan/Code/2024CV/testSerialDriver/twoNodeTest/install/serial_driver/share/serial_driver/local_setup.zsh
-- Installing: /home/zoellickhan/Code/2024CV/testSerialDriver/twoNodeTest/install/serial_driver/share/serial_driver/local_setup.dsv
-- Installing: /home/zoellickhan/Code/2024CV/testSerialDriver/twoNodeTest/install/serial_driver/share/serial_driver/package.dsv
-- Installing: /home/zoellickhan/Code/2024CV/testSerialDriver/twoNodeTest/install/serial_driver/share/ament_index/resource_index/packages/serial_driver
-- Installing: /home/zoellickhan/Code/2024CV/testSerialDriver/twoNodeTest/install/serial_driver/share/serial_driver/cmake/serial_driverConfig.cmake
-- Installing: /home/zoellickhan/Code/2024CV/testSerialDriver/twoNodeTest/install/serial_driver/share/serial_driver/cmake/serial_driverConfig-version.cmake
-- Installing: /home/zoellickhan/Code/2024CV/testSerialDriver/twoNodeTest/install/serial_driver/share/serial_driver/package.xml
