[0.010s] Invoking command in '/home/zoellickhan/Code/2024CV/testSerialDriver/twoNodeTest/build/serial_driver': CMAKE_PREFIX_PATH=/opt/ros/humble /usr/bin/cmake /home/zoellickhan/Code/2024CV/testSerialDriver/twoNodeTest/src/serial_driver -DCMAKE_INSTALL_PREFIX=/home/zoellickhan/Code/2024CV/testSerialDriver/twoNodeTest/install/serial_driver
[0.088s] -- The C compiler identification is GNU 11.4.0
[0.153s] -- The CXX compiler identification is GNU 11.4.0
[0.162s] -- Detecting C compiler ABI info
[0.239s] -- Detecting C compiler ABI info - done
[0.247s] -- Check for working C compiler: /usr/bin/cc - skipped
[0.247s] -- Detecting C compile features
[0.247s] -- Detecting C compile features - done
[0.251s] -- Detecting CXX compiler ABI info
[0.339s] -- Detecting CXX compiler ABI info - done
[0.347s] -- Check for working CXX compiler: /usr/bin/c++ - skipped
[0.347s] -- Detecting CXX compile features
[0.348s] -- Detecting CXX compile features - done
[0.350s] -- Found ament_cmake: 1.3.9 (/opt/ros/humble/share/ament_cmake/cmake)
[0.548s] -- Found Python3: /usr/bin/python3 (found version "3.10.12") found components: Interpreter 
[0.645s] -- Found ament_lint_auto: 0.12.11 (/opt/ros/humble/share/ament_lint_auto/cmake)
[0.729s] -- Added test 'cppcheck' to perform static code analysis on C / C++ code
[0.729s] -- Configured cppcheck include dirs: 
[0.729s] -- Configured cppcheck exclude dirs and/or files: 
[0.729s] -- Added test 'lint_cmake' to check CMake code style
[0.731s] -- Added test 'uncrustify' to check C / C++ code style
[0.731s] -- Configured uncrustify additional arguments: 
[0.731s] -- Added test 'xmllint' to check XML markup files
[0.732s] -- Configuring done
[0.735s] -- Generating done
[0.736s] -- Build files have been written to: /home/zoellickhan/Code/2024CV/testSerialDriver/twoNodeTest/build/serial_driver
[0.740s] Invoked command in '/home/zoellickhan/Code/2024CV/testSerialDriver/twoNodeTest/build/serial_driver' returned '0': CMAKE_PREFIX_PATH=/opt/ros/humble /usr/bin/cmake /home/zoellickhan/Code/2024CV/testSerialDriver/twoNodeTest/src/serial_driver -DCMAKE_INSTALL_PREFIX=/home/zoellickhan/Code/2024CV/testSerialDriver/twoNodeTest/install/serial_driver
[0.742s] Invoking command in '/home/zoellickhan/Code/2024CV/testSerialDriver/twoNodeTest/build/serial_driver': CMAKE_PREFIX_PATH=/opt/ros/humble /usr/bin/cmake --build /home/zoellickhan/Code/2024CV/testSerialDriver/twoNodeTest/build/serial_driver -- -j20 -l20
[0.783s] Invoked command in '/home/zoellickhan/Code/2024CV/testSerialDriver/twoNodeTest/build/serial_driver' returned '0': CMAKE_PREFIX_PATH=/opt/ros/humble /usr/bin/cmake --build /home/zoellickhan/Code/2024CV/testSerialDriver/twoNodeTest/build/serial_driver -- -j20 -l20
[0.818s] Invoking command in '/home/zoellickhan/Code/2024CV/testSerialDriver/twoNodeTest/build/serial_driver': CMAKE_PREFIX_PATH=/opt/ros/humble /usr/bin/cmake --install /home/zoellickhan/Code/2024CV/testSerialDriver/twoNodeTest/build/serial_driver
[0.827s] -- Install configuration: ""
[0.828s] -- Installing: /home/zoellickhan/Code/2024CV/testSerialDriver/twoNodeTest/install/serial_driver/share/ament_index/resource_index/package_run_dependencies/serial_driver
[0.828s] -- Installing: /home/zoellickhan/Code/2024CV/testSerialDriver/twoNodeTest/install/serial_driver/share/ament_index/resource_index/parent_prefix_path/serial_driver
[0.828s] -- Installing: /home/zoellickhan/Code/2024CV/testSerialDriver/twoNodeTest/install/serial_driver/share/serial_driver/environment/ament_prefix_path.sh
[0.828s] -- Installing: /home/zoellickhan/Code/2024CV/testSerialDriver/twoNodeTest/install/serial_driver/share/serial_driver/environment/ament_prefix_path.dsv
[0.828s] -- Installing: /home/zoellickhan/Code/2024CV/testSerialDriver/twoNodeTest/install/serial_driver/share/serial_driver/environment/path.sh
[0.828s] -- Installing: /home/zoellickhan/Code/2024CV/testSerialDriver/twoNodeTest/install/serial_driver/share/serial_driver/environment/path.dsv
[0.828s] -- Installing: /home/zoellickhan/Code/2024CV/testSerialDriver/twoNodeTest/install/serial_driver/share/serial_driver/local_setup.bash
[0.829s] -- Installing: /home/zoellickhan/Code/2024CV/testSerialDriver/twoNodeTest/install/serial_driver/share/serial_driver/local_setup.sh
[0.829s] -- Installing: /home/zoellickhan/Code/2024CV/testSerialDriver/twoNodeTest/install/serial_driver/share/serial_driver/local_setup.zsh
[0.829s] -- Installing: /home/zoellickhan/Code/2024CV/testSerialDriver/twoNodeTest/install/serial_driver/share/serial_driver/local_setup.dsv
[0.829s] -- Installing: /home/zoellickhan/Code/2024CV/testSerialDriver/twoNodeTest/install/serial_driver/share/serial_driver/package.dsv
[0.829s] -- Installing: /home/zoellickhan/Code/2024CV/testSerialDriver/twoNodeTest/install/serial_driver/share/ament_index/resource_index/packages/serial_driver
[0.829s] -- Installing: /home/zoellickhan/Code/2024CV/testSerialDriver/twoNodeTest/install/serial_driver/share/serial_driver/cmake/serial_driverConfig.cmake
[0.829s] -- Installing: /home/zoellickhan/Code/2024CV/testSerialDriver/twoNodeTest/install/serial_driver/share/serial_driver/cmake/serial_driverConfig-version.cmake
[0.829s] -- Installing: /home/zoellickhan/Code/2024CV/testSerialDriver/twoNodeTest/install/serial_driver/share/serial_driver/package.xml
[0.831s] Invoked command in '/home/zoellickhan/Code/2024CV/testSerialDriver/twoNodeTest/build/serial_driver' returned '0': CMAKE_PREFIX_PATH=/opt/ros/humble /usr/bin/cmake --install /home/zoellickhan/Code/2024CV/testSerialDriver/twoNodeTest/build/serial_driver
