[0.012s] Invoking command in '/home/zoellickhan/Code/2024CV/testSerialDriver/twoNodeTest/build/serial_driver': CMAKE_PREFIX_PATH=${CMAKE_PREFIX_PATH}:/opt/ros/humble /usr/bin/cmake --build /home/zoellickhan/Code/2024CV/testSerialDriver/twoNodeTest/build/serial_driver -- -j20 -l20
[0.040s] -- Found ament_cmake: 1.3.9 (/opt/ros/humble/share/ament_cmake/cmake)
[0.185s] -- Found rclcpp: 16.0.9 (/opt/ros/humble/share/rclcpp/cmake)
[0.218s] -- Found rosidl_generator_c: 3.1.5 (/opt/ros/humble/share/rosidl_generator_c/cmake)
[0.221s] -- Found rosidl_adapter: 3.1.5 (/opt/ros/humble/share/rosidl_adapter/cmake)
[0.228s] -- Found rosidl_generator_cpp: 3.1.5 (/opt/ros/humble/share/rosidl_generator_cpp/cmake)
[0.241s] -- Using all available rosidl_typesupport_c: rosidl_typesupport_fastrtps_c;rosidl_typesupport_introspection_c
[0.258s] -- Using all available rosidl_typesupport_cpp: rosidl_typesupport_fastrtps_cpp;rosidl_typesupport_introspection_cpp
[0.324s] -- Found rmw_implementation_cmake: 6.1.2 (/opt/ros/humble/share/rmw_implementation_cmake/cmake)
[0.326s] -- Found rmw_fastrtps_cpp: 6.2.6 (/opt/ros/humble/share/rmw_fastrtps_cpp/cmake)
[0.458s] -- Using RMW implementation 'rmw_fastrtps_cpp' as default
[0.640s] -- Found ament_lint_auto: 0.12.11 (/opt/ros/humble/share/ament_lint_auto/cmake)
[0.715s] -- Added test 'copyright' to check source files copyright and LICENSE
[0.716s] -- Added test 'cppcheck' to perform static code analysis on C / C++ code
[0.716s] -- Configured cppcheck include dirs: 
[0.716s] -- Configured cppcheck exclude dirs and/or files: 
[0.717s] -- Added test 'lint_cmake' to check CMake code style
[0.718s] -- Added test 'uncrustify' to check C / C++ code style
[0.718s] -- Configured uncrustify additional arguments: 
[0.719s] -- Added test 'xmllint' to check XML markup files
[0.721s] -- Configuring done
[0.730s] -- Generating done
[0.732s] -- Build files have been written to: /home/zoellickhan/Code/2024CV/testSerialDriver/twoNodeTest/build/serial_driver
[0.770s] [ 25%] [32mBuilding CXX object CMakeFiles/serial_driver.dir/src/ReadNode.cpp.o[0m
[0.770s] [ 50%] [32mBuilding CXX object CMakeFiles/serial_driver.dir/src/serialDriver.cpp.o[0m
[0.770s] [ 75%] [32mBuilding CXX object CMakeFiles/serial_driver.dir/src/crc.cpp.o[0m
[0.781s] [01m[K/home/zoellickhan/Code/2024CV/testSerialDriver/twoNodeTest/src/serial_driver/src/ReadNode.cpp:1:10:[m[K [01;31m[Kfatal error: [m[Kserial_driver/ReadNode.hpp: No such file or directory
[0.781s]     1 | #include [01;31m[K"serial_driver/ReadNode.hpp"[m[K
[0.781s]       |          [01;31m[K^~~~~~~~~~~~~~~~~~~~~~~~~~~~[m[K
[0.782s] compilation terminated.
[0.782s] [01m[K/home/zoellickhan/Code/2024CV/testSerialDriver/twoNodeTest/src/serial_driver/src/serialDriver.cpp:1:10:[m[K [01;31m[Kfatal error: [m[KserialDriver.hpp: No such file or directory
[0.782s]     1 | #include [01;31m[K"serialDriver.hpp"[m[K
[0.782s]       |          [01;31m[K^~~~~~~~~~~~~~~~~~[m[K
[0.782s] [01m[K/home/zoellickhan/Code/2024CV/testSerialDriver/twoNodeTest/src/serial_driver/src/crc.cpp:4:10:[m[K [01;31m[Kfatal error: [m[Kcrc.hpp: No such file or directory
[0.782s]     4 | #include [01;31m[K"crc.hpp"[m[K
[0.782s]       |          [01;31m[K^~~~~~~~~[m[K
[0.782s] compilation terminated.
[0.782s] compilation terminated.
[0.783s] gmake[2]: *** [CMakeFiles/serial_driver.dir/build.make:76: CMakeFiles/serial_driver.dir/src/ReadNode.cpp.o] Error 1
[0.783s] gmake[2]: *** Waiting for unfinished jobs....
[0.783s] gmake[2]: *** [CMakeFiles/serial_driver.dir/build.make:90: CMakeFiles/serial_driver.dir/src/serialDriver.cpp.o] Error 1
[0.783s] gmake[2]: *** [CMakeFiles/serial_driver.dir/build.make:104: CMakeFiles/serial_driver.dir/src/crc.cpp.o] Error 1
[0.783s] gmake[1]: *** [CMakeFiles/Makefile2:137: CMakeFiles/serial_driver.dir/all] Error 2
[0.783s] gmake: *** [Makefile:146: all] Error 2
[0.785s] Invoked command in '/home/zoellickhan/Code/2024CV/testSerialDriver/twoNodeTest/build/serial_driver' returned '2': CMAKE_PREFIX_PATH=${CMAKE_PREFIX_PATH}:/opt/ros/humble /usr/bin/cmake --build /home/zoellickhan/Code/2024CV/testSerialDriver/twoNodeTest/build/serial_driver -- -j20 -l20
