[0.013s] Invoking command in '/home/zoellickhan/Code/2024CV/testSerialDriver/twoNodeTest/build/serial_driver': CMAKE_PREFIX_PATH=${CMAKE_PREFIX_PATH}:/opt/ros/humble /usr/bin/cmake --build /home/zoellickhan/Code/2024CV/testSerialDriver/twoNodeTest/build/serial_driver -- -j20 -l20
[0.041s] -- Found ament_cmake: 1.3.9 (/opt/ros/humble/share/ament_cmake/cmake)
[0.184s] -- Found ament_lint_auto: 0.12.11 (/opt/ros/humble/share/ament_lint_auto/cmake)
[0.285s] -- Added test 'cppcheck' to perform static code analysis on C / C++ code
[0.285s] -- Configured cppcheck include dirs: 
[0.285s] -- Configured cppcheck exclude dirs and/or files: 
[0.286s] -- Added test 'lint_cmake' to check CMake code style
[0.287s] -- Added test 'uncrustify' to check C / C++ code style
[0.287s] -- Configured uncrustify additional arguments: 
[0.288s] -- Added test 'xmllint' to check XML markup files
[0.289s] [31mCMake Error at /opt/ros/humble/share/ament_cmake_target_dependencies/cmake/ament_target_dependencies.cmake:77 (message):
[0.289s]   ament_target_dependencies() the passed package name 'rclcpp' was not found
[0.289s]   before
[0.289s] Call Stack (most recent call first):
[0.289s]   CMakeLists.txt:34 (ament_target_dependencies)
[0.289s] 
[0.289s] [0m
[0.289s] -- Configuring incomplete, errors occurred!
[0.289s] See also "/home/zoellickhan/Code/2024CV/testSerialDriver/twoNodeTest/build/serial_driver/CMakeFiles/CMakeOutput.log".
[0.291s] gmake: *** [Makefile:226: cmake_check_build_system] Error 1
[0.294s] Invoked command in '/home/zoellickhan/Code/2024CV/testSerialDriver/twoNodeTest/build/serial_driver' returned '2': CMAKE_PREFIX_PATH=${CMAKE_PREFIX_PATH}:/opt/ros/humble /usr/bin/cmake --build /home/zoellickhan/Code/2024CV/testSerialDriver/twoNodeTest/build/serial_driver -- -j20 -l20
