[0.012s] Invoking command in '/home/zoellickhan/Code/2024CV/testSerialDriver/twoNodeTest/build/serial_driver': CMAKE_PREFIX_PATH=${CMAKE_PREFIX_PATH}:/opt/ros/humble /usr/bin/cmake --build /home/zoellickhan/Code/2024CV/testSerialDriver/twoNodeTest/build/serial_driver -- -j20 -l20
[0.044s] -- Found ament_cmake: 1.3.9 (/opt/ros/humble/share/ament_cmake/cmake)
[0.185s] -- Found rclcpp: 16.0.9 (/opt/ros/humble/share/rclcpp/cmake)
[0.220s] -- Found rosidl_generator_c: 3.1.5 (/opt/ros/humble/share/rosidl_generator_c/cmake)
[0.222s] -- Found rosidl_adapter: 3.1.5 (/opt/ros/humble/share/rosidl_adapter/cmake)
[0.229s] -- Found rosidl_generator_cpp: 3.1.5 (/opt/ros/humble/share/rosidl_generator_cpp/cmake)
[0.242s] -- Using all available rosidl_typesupport_c: rosidl_typesupport_fastrtps_c;rosidl_typesupport_introspection_c
[0.259s] -- Using all available rosidl_typesupport_cpp: rosidl_typesupport_fastrtps_cpp;rosidl_typesupport_introspection_cpp
[0.324s] -- Found rmw_implementation_cmake: 6.1.2 (/opt/ros/humble/share/rmw_implementation_cmake/cmake)
[0.326s] -- Found rmw_fastrtps_cpp: 6.2.6 (/opt/ros/humble/share/rmw_fastrtps_cpp/cmake)
[0.459s] -- Using RMW implementation 'rmw_fastrtps_cpp' as default
[0.645s] -- Found ament_lint_auto: 0.12.11 (/opt/ros/humble/share/ament_lint_auto/cmake)
[0.721s] -- Added test 'cppcheck' to perform static code analysis on C / C++ code
[0.721s] -- Configured cppcheck include dirs: 
[0.721s] -- Configured cppcheck exclude dirs and/or files: 
[0.722s] -- Added test 'lint_cmake' to check CMake code style
[0.723s] -- Added test 'uncrustify' to check C / C++ code style
[0.723s] -- Configured uncrustify additional arguments: 
[0.723s] -- Added test 'xmllint' to check XML markup files
[0.725s] -- Configuring done
[0.734s] -- Generating done
[0.735s] -- Build files have been written to: /home/zoellickhan/Code/2024CV/testSerialDriver/twoNodeTest/build/serial_driver
[0.773s] [ 25%] [32mBuilding CXX object CMakeFiles/serial_driver.dir/src/ReadNode.cpp.o[0m
[0.773s] [ 50%] [32mBuilding CXX object CMakeFiles/serial_driver.dir/src/serialDriver.cpp.o[0m
[0.773s] [ 75%] [32mBuilding CXX object CMakeFiles/serial_driver.dir/src/crc.cpp.o[0m
[0.783s] [01m[K/home/zoellickhan/Code/2024CV/testSerialDriver/twoNodeTest/src/serial_driver/src/serialDriver.cpp:1:10:[m[K [01;31m[Kfatal error: [m[KserialDriver.hpp: No such file or directory
[0.783s]     1 | #include [01;31m[K"serialDriver.hpp"[m[K
[0.783s]       |          [01;31m[K^~~~~~~~~~~~~~~~~~[m[K
[0.783s] compilation terminated.
[0.783s] [01m[K/home/zoellickhan/Code/2024CV/testSerialDriver/twoNodeTest/src/serial_driver/src/crc.cpp:4:10:[m[K [01;31m[Kfatal error: [m[Kcrc.hpp: No such file or directory
[0.783s]     4 | #include [01;31m[K"crc.hpp"[m[K
[0.783s]       |          [01;31m[K^~~~~~~~~[m[K
[0.783s] compilation terminated.
[0.784s] gmake[2]: *** [CMakeFiles/serial_driver.dir/build.make:90: CMakeFiles/serial_driver.dir/src/serialDriver.cpp.o] Error 1
[0.784s] gmake[2]: *** Waiting for unfinished jobs....
[0.784s] gmake[2]: *** [CMakeFiles/serial_driver.dir/build.make:104: CMakeFiles/serial_driver.dir/src/crc.cpp.o] Error 1
[0.985s] [01m[K/home/zoellickhan/Code/2024CV/testSerialDriver/twoNodeTest/src/serial_driver/src/ReadNode.cpp:2:10:[m[K [01;31m[Kfatal error: [m[Kprotocol.hpp: No such file or directory
[0.985s]     2 | #include [01;31m[K"protocol.hpp"[m[K
[0.985s]       |          [01;31m[K^~~~~~~~~~~~~~[m[K
[0.986s] compilation terminated.
[0.995s] gmake[2]: *** [CMakeFiles/serial_driver.dir/build.make:76: CMakeFiles/serial_driver.dir/src/ReadNode.cpp.o] Error 1
[0.996s] gmake[1]: *** [CMakeFiles/Makefile2:137: CMakeFiles/serial_driver.dir/all] Error 2
[0.996s] gmake: *** [Makefile:146: all] Error 2
[0.999s] Invoked command in '/home/zoellickhan/Code/2024CV/testSerialDriver/twoNodeTest/build/serial_driver' returned '2': CMAKE_PREFIX_PATH=${CMAKE_PREFIX_PATH}:/opt/ros/humble /usr/bin/cmake --build /home/zoellickhan/Code/2024CV/testSerialDriver/twoNodeTest/build/serial_driver -- -j20 -l20
