[0.022s] Invoking command in '/home/zoellickhan/Code/2024CV/testSerialDriver/twoNodeTest/src/build/serial_driver': CMAKE_PREFIX_PATH=/opt/ros/humble /usr/bin/cmake --build /home/zoellickhan/Code/2024CV/testSerialDriver/twoNodeTest/src/build/serial_driver -- -j20 -l20
[0.096s] Invoked command in '/home/zoellickhan/Code/2024CV/testSerialDriver/twoNodeTest/src/build/serial_driver' returned '0': CMAKE_PREFIX_PATH=/opt/ros/humble /usr/bin/cmake --build /home/zoellickhan/Code/2024CV/testSerialDriver/twoNodeTest/src/build/serial_driver -- -j20 -l20
[0.147s] Invoking command in '/home/zoellickhan/Code/2024CV/testSerialDriver/twoNodeTest/src/build/serial_driver': CMAKE_PREFIX_PATH=/opt/ros/humble /usr/bin/cmake --install /home/zoellickhan/Code/2024CV/testSerialDriver/twoNodeTest/src/build/serial_driver
[0.159s] -- Install configuration: ""
[0.160s] -- Up-to-date: /home/zoellickhan/Code/2024CV/testSerialDriver/twoNodeTest/src/install/serial_driver/share/ament_index/resource_index/package_run_dependencies/serial_driver
[0.160s] -- Up-to-date: /home/zoellickhan/Code/2024CV/testSerialDriver/twoNodeTest/src/install/serial_driver/share/ament_index/resource_index/parent_prefix_path/serial_driver
[0.160s] -- Up-to-date: /home/zoellickhan/Code/2024CV/testSerialDriver/twoNodeTest/src/install/serial_driver/share/serial_driver/environment/ament_prefix_path.sh
[0.160s] -- Up-to-date: /home/zoellickhan/Code/2024CV/testSerialDriver/twoNodeTest/src/install/serial_driver/share/serial_driver/environment/ament_prefix_path.dsv
[0.160s] -- Up-to-date: /home/zoellickhan/Code/2024CV/testSerialDriver/twoNodeTest/src/install/serial_driver/share/serial_driver/environment/path.sh
[0.160s] -- Up-to-date: /home/zoellickhan/Code/2024CV/testSerialDriver/twoNodeTest/src/install/serial_driver/share/serial_driver/environment/path.dsv
[0.160s] -- Up-to-date: /home/zoellickhan/Code/2024CV/testSerialDriver/twoNodeTest/src/install/serial_driver/share/serial_driver/local_setup.bash
[0.160s] -- Up-to-date: /home/zoellickhan/Code/2024CV/testSerialDriver/twoNodeTest/src/install/serial_driver/share/serial_driver/local_setup.sh
[0.161s] -- Up-to-date: /home/zoellickhan/Code/2024CV/testSerialDriver/twoNodeTest/src/install/serial_driver/share/serial_driver/local_setup.zsh
[0.161s] -- Up-to-date: /home/zoellickhan/Code/2024CV/testSerialDriver/twoNodeTest/src/install/serial_driver/share/serial_driver/local_setup.dsv
[0.161s] -- Installing: /home/zoellickhan/Code/2024CV/testSerialDriver/twoNodeTest/src/install/serial_driver/share/serial_driver/package.dsv
[0.161s] -- Up-to-date: /home/zoellickhan/Code/2024CV/testSerialDriver/twoNodeTest/src/install/serial_driver/share/ament_index/resource_index/packages/serial_driver
[0.161s] -- Up-to-date: /home/zoellickhan/Code/2024CV/testSerialDriver/twoNodeTest/src/install/serial_driver/share/serial_driver/cmake/serial_driverConfig.cmake
[0.161s] -- Up-to-date: /home/zoellickhan/Code/2024CV/testSerialDriver/twoNodeTest/src/install/serial_driver/share/serial_driver/cmake/serial_driverConfig-version.cmake
[0.162s] -- Up-to-date: /home/zoellickhan/Code/2024CV/testSerialDriver/twoNodeTest/src/install/serial_driver/share/serial_driver/package.xml
[0.163s] Invoked command in '/home/zoellickhan/Code/2024CV/testSerialDriver/twoNodeTest/src/build/serial_driver' returned '0': CMAKE_PREFIX_PATH=/opt/ros/humble /usr/bin/cmake --install /home/zoellickhan/Code/2024CV/testSerialDriver/twoNodeTest/src/build/serial_driver
