[0.136s] DEBUG:colcon:Command line arguments: ['/usr/bin/colcon', 'build']
[0.136s] DEBUG:colcon:Parsed command line arguments: Namespace(log_base=None, log_level=None, verb_name='build', build_base='build', install_base='install', merge_install=False, symlink_install=False, test_result_base=None, continue_on_error=False, executor='parallel', parallel_workers=20, event_handlers=None, ignore_user_meta=False, metas=['./colcon.meta'], base_paths=['.'], packages_ignore=None, packages_ignore_regex=None, paths=None, packages_up_to=None, packages_up_to_regex=None, packages_above=None, packages_above_and_dependencies=None, packages_above_depth=None, packages_select_by_dep=None, packages_skip_by_dep=None, packages_skip_up_to=None, packages_select_build_failed=False, packages_skip_build_finished=False, packages_select_test_failures=False, packages_skip_test_passed=False, packages_select=None, packages_skip=None, packages_select_regex=None, packages_skip_regex=None, packages_start=None, packages_end=None, allow_overriding=[], cmake_args=None, cmake_target=None, cmake_target_skip_unavailable=False, cmake_clean_cache=False, cmake_clean_first=False, cmake_force_configure=False, ament_cmake_args=None, catkin_cmake_args=None, catkin_skip_building_tests=False, mixin_files=None, mixin=None, verb_parser=<colcon_mixin.mixin.mixin_argument.MixinArgumentDecorator object at 0x7a1ec57468c0>, verb_extension=<colcon_core.verb.build.BuildVerb object at 0x7a1ec57462f0>, main=<bound method BuildVerb.main of <colcon_core.verb.build.BuildVerb object at 0x7a1ec57462f0>>, mixin_verb=('build',))
[0.331s] Level 1:colcon.colcon_core.package_discovery:discover_packages(colcon_meta) check parameters
[0.332s] Level 1:colcon.colcon_core.package_discovery:discover_packages(recursive) check parameters
[0.332s] Level 1:colcon.colcon_core.package_discovery:discover_packages(ignore) check parameters
[0.332s] Level 1:colcon.colcon_core.package_discovery:discover_packages(path) check parameters
[0.332s] Level 1:colcon.colcon_core.package_discovery:discover_packages(colcon_meta) discover
[0.332s] Level 1:colcon.colcon_core.package_discovery:discover_packages(recursive) discover
[0.332s] INFO:colcon.colcon_core.package_discovery:Crawling recursively for packages in '/home/zoellickhan/Code/2024CV/testSerialDriver/twoNodeTest/src'
[0.332s] Level 1:colcon.colcon_core.package_identification:_identify(.) by extensions ['ignore', 'ignore_ament_install']
[0.332s] Level 1:colcon.colcon_core.package_identification:_identify(.) by extension 'ignore'
[0.332s] Level 1:colcon.colcon_core.package_identification:_identify(.) by extension 'ignore_ament_install'
[0.332s] Level 1:colcon.colcon_core.package_identification:_identify(.) by extensions ['colcon_pkg']
[0.332s] Level 1:colcon.colcon_core.package_identification:_identify(.) by extension 'colcon_pkg'
[0.332s] Level 1:colcon.colcon_core.package_identification:_identify(.) by extensions ['colcon_meta']
[0.332s] Level 1:colcon.colcon_core.package_identification:_identify(.) by extension 'colcon_meta'
[0.332s] Level 1:colcon.colcon_core.package_identification:_identify(.) by extensions ['ros']
[0.332s] Level 1:colcon.colcon_core.package_identification:_identify(.) by extension 'ros'
[0.346s] Level 1:colcon.colcon_core.package_identification:_identify(.) by extensions ['cmake', 'python']
[0.346s] Level 1:colcon.colcon_core.package_identification:_identify(.) by extension 'cmake'
[0.346s] Level 1:colcon.colcon_core.package_identification:_identify(.) by extension 'python'
[0.346s] Level 1:colcon.colcon_core.package_identification:_identify(.) by extensions ['python_setup_py']
[0.346s] Level 1:colcon.colcon_core.package_identification:_identify(.) by extension 'python_setup_py'
[0.346s] Level 1:colcon.colcon_core.package_identification:_identify(build) by extensions ['ignore', 'ignore_ament_install']
[0.346s] Level 1:colcon.colcon_core.package_identification:_identify(build) by extension 'ignore'
[0.346s] Level 1:colcon.colcon_core.package_identification:_identify(build) ignored
[0.347s] Level 1:colcon.colcon_core.package_identification:_identify(install) by extensions ['ignore', 'ignore_ament_install']
[0.347s] Level 1:colcon.colcon_core.package_identification:_identify(install) by extension 'ignore'
[0.347s] Level 1:colcon.colcon_core.package_identification:_identify(install) ignored
[0.347s] Level 1:colcon.colcon_core.package_identification:_identify(log) by extensions ['ignore', 'ignore_ament_install']
[0.347s] Level 1:colcon.colcon_core.package_identification:_identify(log) by extension 'ignore'
[0.347s] Level 1:colcon.colcon_core.package_identification:_identify(log) ignored
[0.347s] Level 1:colcon.colcon_core.package_identification:_identify(serial_driver) by extensions ['ignore', 'ignore_ament_install']
[0.347s] Level 1:colcon.colcon_core.package_identification:_identify(serial_driver) by extension 'ignore'
[0.347s] Level 1:colcon.colcon_core.package_identification:_identify(serial_driver) by extension 'ignore_ament_install'
[0.347s] Level 1:colcon.colcon_core.package_identification:_identify(serial_driver) by extensions ['colcon_pkg']
[0.347s] Level 1:colcon.colcon_core.package_identification:_identify(serial_driver) by extension 'colcon_pkg'
[0.347s] Level 1:colcon.colcon_core.package_identification:_identify(serial_driver) by extensions ['colcon_meta']
[0.347s] Level 1:colcon.colcon_core.package_identification:_identify(serial_driver) by extension 'colcon_meta'
[0.347s] Level 1:colcon.colcon_core.package_identification:_identify(serial_driver) by extensions ['ros']
[0.347s] Level 1:colcon.colcon_core.package_identification:_identify(serial_driver) by extension 'ros'
[0.350s] DEBUG:colcon.colcon_core.package_identification:Package 'serial_driver' with type 'ros.ament_cmake' and name 'serial_driver'
[0.350s] Level 1:colcon.colcon_core.package_discovery:discover_packages(recursive) using defaults
[0.350s] Level 1:colcon.colcon_core.package_discovery:discover_packages(ignore) discover
[0.350s] Level 1:colcon.colcon_core.package_discovery:discover_packages(ignore) using defaults
[0.350s] Level 1:colcon.colcon_core.package_discovery:discover_packages(path) discover
[0.350s] Level 1:colcon.colcon_core.package_discovery:discover_packages(path) using defaults
[0.387s] Level 1:colcon.colcon_core.package_discovery:discover_packages(prefix_path) check parameters
[0.387s] Level 1:colcon.colcon_core.package_discovery:discover_packages(prefix_path) discover
[0.391s] DEBUG:colcon.colcon_installed_package_information.package_discovery:Found 303 installed packages in /opt/ros/humble
[0.393s] Level 1:colcon.colcon_core.package_discovery:discover_packages(prefix_path) using defaults
[0.459s] Level 5:colcon.colcon_core.verb:set package 'serial_driver' build argument 'cmake_args' from command line to 'None'
[0.459s] Level 5:colcon.colcon_core.verb:set package 'serial_driver' build argument 'cmake_target' from command line to 'None'
[0.459s] Level 5:colcon.colcon_core.verb:set package 'serial_driver' build argument 'cmake_target_skip_unavailable' from command line to 'False'
[0.459s] Level 5:colcon.colcon_core.verb:set package 'serial_driver' build argument 'cmake_clean_cache' from command line to 'False'
[0.460s] Level 5:colcon.colcon_core.verb:set package 'serial_driver' build argument 'cmake_clean_first' from command line to 'False'
[0.460s] Level 5:colcon.colcon_core.verb:set package 'serial_driver' build argument 'cmake_force_configure' from command line to 'False'
[0.460s] Level 5:colcon.colcon_core.verb:set package 'serial_driver' build argument 'ament_cmake_args' from command line to 'None'
[0.460s] Level 5:colcon.colcon_core.verb:set package 'serial_driver' build argument 'catkin_cmake_args' from command line to 'None'
[0.460s] Level 5:colcon.colcon_core.verb:set package 'serial_driver' build argument 'catkin_skip_building_tests' from command line to 'False'
[0.460s] DEBUG:colcon.colcon_core.verb:Building package 'serial_driver' with the following arguments: {'ament_cmake_args': None, 'build_base': '/home/zoellickhan/Code/2024CV/testSerialDriver/twoNodeTest/src/build/serial_driver', 'catkin_cmake_args': None, 'catkin_skip_building_tests': False, 'cmake_args': None, 'cmake_clean_cache': False, 'cmake_clean_first': False, 'cmake_force_configure': False, 'cmake_target': None, 'cmake_target_skip_unavailable': False, 'install_base': '/home/zoellickhan/Code/2024CV/testSerialDriver/twoNodeTest/src/install/serial_driver', 'merge_install': False, 'path': '/home/zoellickhan/Code/2024CV/testSerialDriver/twoNodeTest/src/serial_driver', 'symlink_install': False, 'test_result_base': None}
[0.460s] INFO:colcon.colcon_core.executor:Executing jobs using 'parallel' executor
[0.462s] DEBUG:colcon.colcon_parallel_executor.executor.parallel:run_until_complete
[0.462s] INFO:colcon.colcon_ros.task.ament_cmake.build:Building ROS package in '/home/zoellickhan/Code/2024CV/testSerialDriver/twoNodeTest/src/serial_driver' with build type 'ament_cmake'
[0.463s] INFO:colcon.colcon_cmake.task.cmake.build:Building CMake package in '/home/zoellickhan/Code/2024CV/testSerialDriver/twoNodeTest/src/serial_driver'
[0.467s] INFO:colcon.colcon_core.plugin_system:Skipping extension 'colcon_core.shell.bat': Not used on non-Windows systems
[0.467s] INFO:colcon.colcon_core.shell:Skip shell extension 'powershell' for command environment: Not usable outside of PowerShell
[0.467s] DEBUG:colcon.colcon_core.shell:Skip shell extension 'dsv' for command environment
[0.488s] DEBUG:colcon.colcon_core.event_handler.log_command:Invoking command in '/home/zoellickhan/Code/2024CV/testSerialDriver/twoNodeTest/src/build/serial_driver': CMAKE_PREFIX_PATH=/opt/ros/humble /usr/bin/cmake --build /home/zoellickhan/Code/2024CV/testSerialDriver/twoNodeTest/src/build/serial_driver -- -j20 -l20
[0.560s] DEBUG:colcon.colcon_core.event_handler.log_command:Invoked command in '/home/zoellickhan/Code/2024CV/testSerialDriver/twoNodeTest/src/build/serial_driver' returned '0': CMAKE_PREFIX_PATH=/opt/ros/humble /usr/bin/cmake --build /home/zoellickhan/Code/2024CV/testSerialDriver/twoNodeTest/src/build/serial_driver -- -j20 -l20
[0.611s] DEBUG:colcon.colcon_core.event_handler.log_command:Invoking command in '/home/zoellickhan/Code/2024CV/testSerialDriver/twoNodeTest/src/build/serial_driver': CMAKE_PREFIX_PATH=/opt/ros/humble /usr/bin/cmake --install /home/zoellickhan/Code/2024CV/testSerialDriver/twoNodeTest/src/build/serial_driver
[0.626s] Level 1:colcon.colcon_core.environment:create_environment_scripts_only(serial_driver)
[0.627s] DEBUG:colcon.colcon_core.event_handler.log_command:Invoked command in '/home/zoellickhan/Code/2024CV/testSerialDriver/twoNodeTest/src/build/serial_driver' returned '0': CMAKE_PREFIX_PATH=/opt/ros/humble /usr/bin/cmake --install /home/zoellickhan/Code/2024CV/testSerialDriver/twoNodeTest/src/build/serial_driver
[0.632s] Level 1:colcon.colcon_core.environment:checking '/home/zoellickhan/Code/2024CV/testSerialDriver/twoNodeTest/src/install/serial_driver' for CMake module files
[0.633s] Level 1:colcon.colcon_core.environment:checking '/home/zoellickhan/Code/2024CV/testSerialDriver/twoNodeTest/src/install/serial_driver' for CMake config files
[0.633s] Level 1:colcon.colcon_core.shell:create_environment_hook('serial_driver', 'cmake_prefix_path')
[0.634s] INFO:colcon.colcon_core.shell:Creating environment hook '/home/zoellickhan/Code/2024CV/testSerialDriver/twoNodeTest/src/install/serial_driver/share/serial_driver/hook/cmake_prefix_path.ps1'
[0.635s] INFO:colcon.colcon_core.shell:Creating environment descriptor '/home/zoellickhan/Code/2024CV/testSerialDriver/twoNodeTest/src/install/serial_driver/share/serial_driver/hook/cmake_prefix_path.dsv'
[0.636s] INFO:colcon.colcon_core.shell:Creating environment hook '/home/zoellickhan/Code/2024CV/testSerialDriver/twoNodeTest/src/install/serial_driver/share/serial_driver/hook/cmake_prefix_path.sh'
[0.638s] Level 1:colcon.colcon_core.environment:checking '/home/zoellickhan/Code/2024CV/testSerialDriver/twoNodeTest/src/install/serial_driver/bin'
[0.638s] Level 1:colcon.colcon_core.environment:checking '/home/zoellickhan/Code/2024CV/testSerialDriver/twoNodeTest/src/install/serial_driver/lib/pkgconfig/serial_driver.pc'
[0.638s] Level 1:colcon.colcon_core.environment:checking '/home/zoellickhan/Code/2024CV/testSerialDriver/twoNodeTest/src/install/serial_driver/lib/python3.10/site-packages'
[0.639s] Level 1:colcon.colcon_core.environment:checking '/home/zoellickhan/Code/2024CV/testSerialDriver/twoNodeTest/src/install/serial_driver/bin'
[0.639s] INFO:colcon.colcon_core.shell:Creating package script '/home/zoellickhan/Code/2024CV/testSerialDriver/twoNodeTest/src/install/serial_driver/share/serial_driver/package.ps1'
[0.641s] INFO:colcon.colcon_core.shell:Creating package descriptor '/home/zoellickhan/Code/2024CV/testSerialDriver/twoNodeTest/src/install/serial_driver/share/serial_driver/package.dsv'
[0.642s] INFO:colcon.colcon_core.shell:Creating package script '/home/zoellickhan/Code/2024CV/testSerialDriver/twoNodeTest/src/install/serial_driver/share/serial_driver/package.sh'
[0.643s] INFO:colcon.colcon_core.shell:Creating package script '/home/zoellickhan/Code/2024CV/testSerialDriver/twoNodeTest/src/install/serial_driver/share/serial_driver/package.bash'
[0.645s] INFO:colcon.colcon_core.shell:Creating package script '/home/zoellickhan/Code/2024CV/testSerialDriver/twoNodeTest/src/install/serial_driver/share/serial_driver/package.zsh'
[0.646s] Level 1:colcon.colcon_core.environment:create_file_with_runtime_dependencies(/home/zoellickhan/Code/2024CV/testSerialDriver/twoNodeTest/src/install/serial_driver/share/colcon-core/packages/serial_driver)
[0.686s] Level 1:colcon.colcon_core.environment:create_environment_scripts_only(serial_driver)
[0.686s] Level 1:colcon.colcon_core.environment:checking '/home/zoellickhan/Code/2024CV/testSerialDriver/twoNodeTest/src/install/serial_driver' for CMake module files
[0.687s] Level 1:colcon.colcon_core.environment:checking '/home/zoellickhan/Code/2024CV/testSerialDriver/twoNodeTest/src/install/serial_driver' for CMake config files
[0.688s] Level 1:colcon.colcon_core.shell:create_environment_hook('serial_driver', 'cmake_prefix_path')
[0.689s] INFO:colcon.colcon_core.shell:Creating environment hook '/home/zoellickhan/Code/2024CV/testSerialDriver/twoNodeTest/src/install/serial_driver/share/serial_driver/hook/cmake_prefix_path.ps1'
[0.690s] INFO:colcon.colcon_core.shell:Creating environment descriptor '/home/zoellickhan/Code/2024CV/testSerialDriver/twoNodeTest/src/install/serial_driver/share/serial_driver/hook/cmake_prefix_path.dsv'
[0.690s] INFO:colcon.colcon_core.shell:Creating environment hook '/home/zoellickhan/Code/2024CV/testSerialDriver/twoNodeTest/src/install/serial_driver/share/serial_driver/hook/cmake_prefix_path.sh'
[0.692s] Level 1:colcon.colcon_core.environment:checking '/home/zoellickhan/Code/2024CV/testSerialDriver/twoNodeTest/src/install/serial_driver/bin'
[0.692s] Level 1:colcon.colcon_core.environment:checking '/home/zoellickhan/Code/2024CV/testSerialDriver/twoNodeTest/src/install/serial_driver/lib/pkgconfig/serial_driver.pc'
[0.692s] Level 1:colcon.colcon_core.environment:checking '/home/zoellickhan/Code/2024CV/testSerialDriver/twoNodeTest/src/install/serial_driver/lib/python3.10/site-packages'
[0.693s] Level 1:colcon.colcon_core.environment:checking '/home/zoellickhan/Code/2024CV/testSerialDriver/twoNodeTest/src/install/serial_driver/bin'
[0.693s] INFO:colcon.colcon_core.shell:Creating package script '/home/zoellickhan/Code/2024CV/testSerialDriver/twoNodeTest/src/install/serial_driver/share/serial_driver/package.ps1'
[0.695s] INFO:colcon.colcon_core.shell:Creating package descriptor '/home/zoellickhan/Code/2024CV/testSerialDriver/twoNodeTest/src/install/serial_driver/share/serial_driver/package.dsv'
[0.696s] INFO:colcon.colcon_core.shell:Creating package script '/home/zoellickhan/Code/2024CV/testSerialDriver/twoNodeTest/src/install/serial_driver/share/serial_driver/package.sh'
[0.697s] INFO:colcon.colcon_core.shell:Creating package script '/home/zoellickhan/Code/2024CV/testSerialDriver/twoNodeTest/src/install/serial_driver/share/serial_driver/package.bash'
[0.697s] INFO:colcon.colcon_core.shell:Creating package script '/home/zoellickhan/Code/2024CV/testSerialDriver/twoNodeTest/src/install/serial_driver/share/serial_driver/package.zsh'
[0.698s] Level 1:colcon.colcon_core.environment:create_file_with_runtime_dependencies(/home/zoellickhan/Code/2024CV/testSerialDriver/twoNodeTest/src/install/serial_driver/share/colcon-core/packages/serial_driver)
[0.699s] DEBUG:colcon.colcon_parallel_executor.executor.parallel:closing loop
[0.700s] DEBUG:colcon.colcon_parallel_executor.executor.parallel:loop closed
[0.700s] DEBUG:colcon.colcon_parallel_executor.executor.parallel:run_until_complete finished with '0'
[0.700s] DEBUG:colcon.colcon_core.event_reactor:joining thread
[0.711s] INFO:colcon.colcon_core.plugin_system:Skipping extension 'colcon_notification.desktop_notification.terminal_notifier': Not used on non-Darwin systems
[0.711s] INFO:colcon.colcon_core.plugin_system:Skipping extension 'colcon_notification.desktop_notification.win32': Not used on non-Windows systems
[0.711s] INFO:colcon.colcon_notification.desktop_notification:Sending desktop notification using 'notify2'
[0.731s] DEBUG:colcon.colcon_core.event_reactor:joined thread
[0.731s] INFO:colcon.colcon_core.shell:Creating prefix script '/home/zoellickhan/Code/2024CV/testSerialDriver/twoNodeTest/src/install/local_setup.ps1'
[0.734s] INFO:colcon.colcon_core.shell:Creating prefix util module '/home/zoellickhan/Code/2024CV/testSerialDriver/twoNodeTest/src/install/_local_setup_util_ps1.py'
[0.737s] INFO:colcon.colcon_core.shell:Creating prefix chain script '/home/zoellickhan/Code/2024CV/testSerialDriver/twoNodeTest/src/install/setup.ps1'
[0.739s] INFO:colcon.colcon_core.shell:Creating prefix script '/home/zoellickhan/Code/2024CV/testSerialDriver/twoNodeTest/src/install/local_setup.sh'
[0.740s] INFO:colcon.colcon_core.shell:Creating prefix util module '/home/zoellickhan/Code/2024CV/testSerialDriver/twoNodeTest/src/install/_local_setup_util_sh.py'
[0.741s] INFO:colcon.colcon_core.shell:Creating prefix chain script '/home/zoellickhan/Code/2024CV/testSerialDriver/twoNodeTest/src/install/setup.sh'
[0.744s] INFO:colcon.colcon_core.shell:Creating prefix script '/home/zoellickhan/Code/2024CV/testSerialDriver/twoNodeTest/src/install/local_setup.bash'
[0.745s] INFO:colcon.colcon_core.shell:Creating prefix chain script '/home/zoellickhan/Code/2024CV/testSerialDriver/twoNodeTest/src/install/setup.bash'
[0.747s] INFO:colcon.colcon_core.shell:Creating prefix script '/home/zoellickhan/Code/2024CV/testSerialDriver/twoNodeTest/src/install/local_setup.zsh'
[0.748s] INFO:colcon.colcon_core.shell:Creating prefix chain script '/home/zoellickhan/Code/2024CV/testSerialDriver/twoNodeTest/src/install/setup.zsh'
